<?xml version="1.0" encoding="UTF-8"?>
<!-- Generated by org.testng.reporters.JUnitXMLReporter -->
<testsuite ignored="0" hostname="DESKTOP-B64QDB1" failures="0" tests="4" name="Test" time="0.064" errors="0" timestamp="28 Aug 2020 19:43:27 GMT">
  <testcase classname="demoMaven.Maven.AppiumTest" name="deleteTwitter" time="0.014"/>
  <testcase classname="demoMaven.Maven.AppiumTest" name="postjira" time="0.002"/>
  <testcase classname="demoMaven.Maven.Seleniumtest" name="Uiautomation" time="0.002"/>
  <testcase classname="demoMaven.Maven.Seleniumtest" name="elementsUi" time="0.001"/>
</testsuite> <!-- Test -->
