<?xml version="1.0" encoding="UTF-8"?>
<testng-results ignored="0" total="4" passed="4" failed="0" skipped="0">
  <reporter-output>
  </reporter-output>
  <suite started-at="2020-08-28T19:43:27Z" name="Suite" finished-at="2020-08-28T19:43:27Z" duration-ms="64">
    <groups>
    </groups>
    <test started-at="2020-08-28T19:43:27Z" name="Test" finished-at="2020-08-28T19:43:27Z" duration-ms="64">
      <class name="demoMaven.Maven.Seleniumtest">
        <test-method signature="Uiautomation()[pri:0, instance:demoMaven.Maven.Seleniumtest@428640fa]" started-at="2020-08-28T19:43:27Z" name="Uiautomation" finished-at="2020-08-28T19:43:27Z" duration-ms="2" status="PASS">
          <reporter-output>
          </reporter-output>
        </test-method> <!-- Uiautomation -->
        <test-method signature="elementsUi()[pri:0, instance:demoMaven.Maven.Seleniumtest@428640fa]" started-at="2020-08-28T19:43:27Z" name="elementsUi" finished-at="2020-08-28T19:43:27Z" duration-ms="1" status="PASS">
          <reporter-output>
          </reporter-output>
        </test-method> <!-- elementsUi -->
      </class> <!-- demoMaven.Maven.Seleniumtest -->
      <class name="demoMaven.Maven.AppiumTest">
        <test-method signature="deleteTwitter()[pri:0, instance:demoMaven.Maven.AppiumTest@4c1909a3]" started-at="2020-08-28T19:43:27Z" name="deleteTwitter" finished-at="2020-08-28T19:43:27Z" duration-ms="14" status="PASS">
          <reporter-output>
          </reporter-output>
        </test-method> <!-- deleteTwitter -->
        <test-method signature="postjira()[pri:0, instance:demoMaven.Maven.AppiumTest@4c1909a3]" started-at="2020-08-28T19:43:27Z" name="postjira" finished-at="2020-08-28T19:43:27Z" duration-ms="2" status="PASS">
          <reporter-output>
          </reporter-output>
        </test-method> <!-- postjira -->
      </class> <!-- demoMaven.Maven.AppiumTest -->
    </test> <!-- Test -->
  </suite> <!-- Suite -->
</testng-results>
